<?xml version="1.0" encoding="UTF-8" ?>
<testsuite 
errors="0" failures="0" hostname="elizabeth-VirtualBox" name="test.scala.DollDelivery.SetSpec" tests="0" time="0.0" timestamp="2015-04-29T21:42:01">
  <properties>
    <property name="java.runtime.name" value="OpenJDK Runtime Environment">
    </property>
    <property 
    name="sun.boot.library.path" value="/usr/lib/jvm/java-7-openjdk-amd64/jre/lib/amd64">
</property>
    <property name="java.vm.version" value="24.79-b02"> </property>
    <property name="java.vm.vendor" value="Oracle Corporation"> </property>
    <property name="java.vendor.url" value="http://java.oracle.com/">
    </property>
    <property name="path.separator" value=":"> </property>
    <property name="java.vm.name" value="OpenJDK 64-Bit Server VM"> </property>
    <property name="file.encoding.pkg" value="sun.io"> </property>
    <property name="user.country" value="US"> </property>
    <property name="sun.java.launcher" value="SUN_STANDARD"> </property>
    <property name="sun.os.patch.level" value="unknown"> </property>
    <property 
    name="java.vm.specification.name" value="Java Virtual Machine Specification">
</property>
    <property name="user.dir" value="/home/elizabeth/workspace/DollDelivery">
    </property>
    <property name="java.runtime.version" value="1.7.0_79-b14"> </property>
    <property 
    name="java.awt.graphicsenv" value="sun.awt.X11GraphicsEnvironment">
</property>
    <property name="basedir" value="/home/elizabeth/workspace/DollDelivery">
    </property>
    <property 
    name="java.endorsed.dirs" value="/usr/lib/jvm/java-7-openjdk-amd64/jre/lib/endorsed">
</property>
    <property name="os.arch" value="amd64"> </property>
    <property name="java.io.tmpdir" value="/tmp"> </property>
    <property name="line.separator" value=" "> </property>
    <property name="java.vm.specification.vendor" value="Oracle Corporation">
    </property>
    <property name="os.name" value="Linux"> </property>
    <property name="sun.jnu.encoding" value="UTF-8"> </property>
    <property 
    name="java.library.path" value="/usr/java/packages/lib/amd64:/usr/lib/x86_64-linux-gnu/jni:/lib/x86_64-linux-gnu:/usr/lib/x86_64-linux-gnu:/usr/lib/jni:/lib:/usr/lib">
</property>
    <property 
    name="java.specification.name" value="Java Platform API Specification">
</property>
    <property name="java.class.version" value="51.0"> </property>
    <property 
    name="sun.management.compiler" value="HotSpot 64-Bit Tiered Compilers">
</property>
    <property name="os.version" value="3.16.0-36-generic"> </property>
    <property name="user.home" value="/home/elizabeth"> </property>
    <property name="user.timezone" value=""> </property>
    <property name="java.awt.printerjob" value="sun.print.PSPrinterJob">
    </property>
    <property name="file.encoding" value="UTF-8"> </property>
    <property name="java.specification.version" value="1.7"> </property>
    <property name="user.name" value="elizabeth"> </property>
    <property 
    name="java.class.path" value="/home/elizabeth/workspace/DollDelivery/target/test-classes:/home/elizabeth/workspace/DollDelivery/target/classes:/home/elizabeth/.m2/repository/org/scala-lang/scala-library/2.11.2/scala-library-2.11.2.jar:/home/elizabeth/.m2/repository/org/scalatest/scalatest_2.11/2.2.4/scalatest_2.11-2.2.4.jar:/home/elizabeth/.m2/repository/org/scala-lang/scala-reflect/2.11.2/scala-reflect-2.11.2.jar:/home/elizabeth/.m2/repository/org/scala-lang/modules/scala-xml_2.11/1.0.2/scala-xml_2.11-1.0.2.jar">
</property>
    <property name="java.vm.specification.version" value="1.7"> </property>
    <property name="sun.arch.data.model" value="64"> </property>
    <property name="java.home" value="/usr/lib/jvm/java-7-openjdk-amd64/jre">
    </property>
    <property 
    name="sun.java.command" value="org.scalatest.tools.Runner -R /home/elizabeth/workspace/DollDelivery/target/classes /home/elizabeth/workspace/DollDelivery/target/test-classes -o -fWDF /home/elizabeth/workspace/DollDelivery/target/surefire-reports/TestSuite.txt -u /home/elizabeth/workspace/DollDelivery/target/surefire-reports/.">
</property>
    <property name="java.specification.vendor" value="Oracle Corporation">
    </property>
    <property name="user.language" value="en"> </property>
    <property name="awt.toolkit" value="sun.awt.X11.XToolkit"> </property>
    <property name="java.vm.info" value="mixed mode"> </property>
    <property name="java.version" value="1.7.0_79"> </property>
    <property 
    name="java.ext.dirs" value="/usr/lib/jvm/java-7-openjdk-amd64/jre/lib/ext:/usr/java/packages/lib/ext">
</property>
    <property 
    name="sun.boot.class.path" value="/usr/lib/jvm/java-7-openjdk-amd64/jre/lib/resources.jar:/usr/lib/jvm/java-7-openjdk-amd64/jre/lib/rt.jar:/usr/lib/jvm/java-7-openjdk-amd64/jre/lib/sunrsasign.jar:/usr/lib/jvm/java-7-openjdk-amd64/jre/lib/jsse.jar:/usr/lib/jvm/java-7-openjdk-amd64/jre/lib/jce.jar:/usr/lib/jvm/java-7-openjdk-amd64/jre/lib/charsets.jar:/usr/lib/jvm/java-7-openjdk-amd64/jre/lib/rhino.jar:/usr/lib/jvm/java-7-openjdk-amd64/jre/lib/jfr.jar:/usr/lib/jvm/java-7-openjdk-amd64/jre/classes">
</property>
    <property name="java.vendor" value="Oracle Corporation"> </property>
    <property name="file.separator" value="/"> </property>
    <property 
    name="java.vendor.url.bug" value="http://bugreport.sun.com/bugreport/">
</property>
    <property name="sun.cpu.endian" value="little"> </property>
    <property name="sun.io.unicode.encoding" value="UnicodeLittle"> </property>
    <property name="sun.desktop" value="gnome"> </property>
    <property name="sun.cpu.isalist" value=""> </property>
  </properties>
  <system-out><![CDATA[]]></system-out>
  <system-err><![CDATA[]]></system-err>
</testsuite>
